android/app/build/outputs/mapping/release/seeds.txt
com.verdadyvidaradio.newarchitecture.modules.MainApplicationTurboModuleManagerDelegate
com.verdadyvidaradio.MainApplication
com.verdadyvidaradio.newarchitecture.components.MainComponentsRegistry
com.verdadyvidaradio.MainActivity
com.verdadyvidaradio.newarchitecture.components.MainComponentsRegistry: com.facebook.jni.HybridData mHybridData
com.verdadyvidaradio.newarchitecture.components.MainComponentsRegistry: com.facebook.jni.HybridData initHybrid(com.facebook.react.fabric.ComponentFactory)
com.verdadyvidaradio.MainActivity: MainActivity()
com.verdadyvidaradio.MainApplication: MainApplication()
com.verdadyvidaradio.newarchitecture.components.MainComponentsRegistry: com.verdadyvidaradio.newarchitecture.components.MainComponentsRegistry register(com.facebook.react.fabric.ComponentFactory)
com.verdadyvidaradio.newarchitecture.components.MainComponentsRegistry: MainComponentsRegistry(com.facebook.react.fabric.ComponentFactory)
com.verdadyvidaradio.newarchitecture.modules.MainApplicationTurboModuleManagerDelegate: com.facebook.jni.HybridData initHybrid()
com.verdadyvidaradio.newarchitecture.modules.MainApplicationTurboModuleManagerDelegate: boolean canCreateTurboModule(java.lang.String)
...
com.facebook.react.bridge.CatalystInstanceImpl: com.facebook.react.bridge.JavaScriptContextHolder getJavaScriptContextHolder()
androidx.recyclerview.widget.RecyclerView: void setScrollingTouchSlop(int)
com.facebook.imagepipeline.memory.NativeMemoryChunk: void nativeFree(long)
com.facebook.react.uimanager.LayoutShadowNode: void setShouldNotifyOnLayout(boolean)
com.facebook.react.modules.storage.AsyncStorageModule: boolean ensureDatabase()
com.facebook.imagepipeline.nativecode.Bitmaps: Bitmaps()
com.facebook.react.views.textinput.ReactTextInputManager: void setOnKeyPress(com.facebook.react.views.textinput.ReactEditText,boolean)
com.facebook.fbreact.specs.NativeStatusBarManagerAndroidSpec: void setTranslucent(boolean)
com.facebook.react.modules.blob.BlobModule: long access$300(com.facebook.react.modules.blob.BlobModule,android.net.Uri)
com.reactnativecommunity.slider.ReactSliderManager: void setThumbTintColor(com.reactnativecommunity.slider.ReactSlider,java.lang.Integer)
androidx.drawerlayout.widget.DrawerLayout: float getDrawerElevation()
com.facebook.fbreact.specs.NativeAsyncSQLiteDBStorageSpec: void getAllKeys(com.facebook.react.bridge.Callback)
com.reactnativecommunity.slider.ReactSliderManager: void setValue(com.reactnativecommunity.slider.ReactSlider,float)
com.facebook.react.views.scroll.ReactScrollViewManager: void receiveCommand(com.facebook.react.views.scroll.ReactScrollView,java.lang.String,com.facebook.react.bridge.ReadableArray)
com.facebook.react.views.scroll.ReactHorizontalScrollView: int getScrollEventThrottle()
androidx.core.view.DisplayCutoutCompat$Api28Impl: android.view.DisplayCutout createDisplayCutout(android.graphics.Rect,java.util.List)
androidx.appcompat.widget.AppCompatTextView: void setSupportBackgroundTintMode(android.graphics.PorterDuff$Mode)
androidx.core.view.ViewCompat$Api16Impl: void postInvalidateOnAnimation(android.view.View)
com.facebook.react.modules.websocket.WebSocketModule: WebSocketModule(com.facebook.react.bridge.ReactApplicationContext)
com.facebook.fbreact.specs.NativeDeviceInfoSpec: java.util.Map getConstants()
com.facebook.react.bridge.JsonWriterHelper: void mapValue(android.util.JsonWriter,java.util.Map)
com.facebook.react.views.scroll.ReactScrollView: void setScrollPerfTag(java.lang.String)
com.facebook.react.views.textinput.ReactEditText: void setReturnKeyType(java.lang.String)
androidx.core.view.DisplayCutoutCompat$Api28Impl: int getSafeInsetRight(android.view.DisplayCutout)
androidx.appcompat.widget.AppCompatImageButton: void setSupportBackgroundTintMode(android.graphics.PorterDuff$Mode)
com.facebook.yoga.YogaNative: void jni_YGNodeStyleSetMinHeightJNI(long,float)
com.facebook.react.animated.NativeAnimatedModule: void setAnimatedNodeOffset(double,double)
com.facebook.react.uimanager.UIManagerModule: void sendAccessibilityEvent(int,int)
com.facebook.react.uimanager.UIManagerModule: void initialize()
com.facebook.react.views.textinput.ReactEditText: void setAllowFontScaling(boolean)
com.facebook.react.bridge.WritableNativeArray: void pushMap(com.facebook.react.bridge.ReadableMap)
androidx.appcompat.widget.SwitchCompat: android.graphics.PorterDuff$Mode getTrackTintMode()
com.facebook.react.modules.blob.BlobModule: java.util.Map getTypedExportedConstants()
com.facebook.react.views.scroll.ReactScrollViewManager: void receiveCommand(android.view.View,java.lang.String,com.facebook.react.bridge.ReadableArray)
com.facebook.react.views.switchview.ReactSwitchManager: void setTrackTintColor(android.view.View,java.lang.Integer)
com.facebook.react.bridge.CatalystInstanceImpl: void setSourceURLs(java.lang.String,java.lang.String)
com.facebook.react.views.view.ReactViewGroup: void setOnInterceptTouchEventListener(com.facebook.react.touch.OnInterceptTouchEventListener)
com.facebook.react.bridge.GuardedResultAsyncTask: void onPostExecuteGuarded(java.lang.Object)
com.facebook.fbreact.specs.NativeAsyncSQLiteDBStorageSpec: void clear(com.facebook.react.bridge.Callback)