android/app/build/outputs/mapping/release/mapping.txt
# compiler: R8
# compiler_version: 3.1.51
# min_api: 21
# pg_map_id: 9862920
# common_typos_disable
# {"id":"com.android.tools.r8.mapping","version":"1.0"}
com.verdadyvidaradio.MainActivity -> com.verdadyvidaradio.MainActivity:
    com.facebook.react.ReactActivityDelegate createReactActivityDelegate() -> M
    java.lang.String getMainComponentName() -> N
com.verdadyvidaradio.MainActivity$MainActivityDelegate -> com.verdadyvidaradio.MainActivity$a:
    com.facebook.react.ReactRootView createRootView() -> d
    boolean isConcurrentRootEnabled() -> k
com.verdadyvidaradio.MainApplication -> com.verdadyvidaradio.MainApplication:
    com.facebook.react.ReactNativeHost mNewArchitectureNativeHost -> h
    com.facebook.react.ReactNativeHost mReactNativeHost -> g
    com.facebook.react.ReactNativeHost getReactNativeHost() -> a
    void initializeFlipper(android.content.Context,com.facebook.react.ReactInstanceManager) -> b
com.verdadyvidaradio.MainApplication$1 -> com.verdadyvidaradio.MainApplication$a:
    com.verdadyvidaradio.MainApplication this$0 -> c
    java.lang.String getJSMainModuleName() -> f
    java.util.List getPackages() -> h
    boolean getUseDeveloperSupport() -> o
com.verdadyvidaradio.newarchitecture.MainApplicationReactNativeHost -> f7.a:
    com.facebook.react.bridge.JSIModulePackage getJSIModulePackage() -> e
    java.lang.String getJSMainModuleName() -> f
    java.util.List getPackages() -> h
    com.facebook.react.ReactPackageTurboModuleManagerDelegate$Builder getReactPackageTurboModuleManagerDelegateBuilder() -> j
    boolean getUseDeveloperSupport() -> o
com.verdadyvidaradio.newarchitecture.MainApplicationReactNativeHost$1 -> f7.a$a:
    com.verdadyvidaradio.newarchitecture.MainApplicationReactNativeHost this$0 -> a
com.verdadyvidaradio.newarchitecture.MainApplicationReactNativeHost$1$1 -> f7.a$a$a:
    com.facebook.react.bridge.ReactApplicationContext val$reactApplicationContext -> a
    com.verdadyvidaradio.newarchitecture.MainApplicationReactNativeHost$1 this$1 -> b
com.verdadyvidaradio.newarchitecture.modules.MainApplicationTurboModuleManagerDelegate -> com.verdadyvidaradio.newarchitecture.modules.MainApplicationTurboModuleManagerDelegate:
    boolean sIsSoLibraryLoaded -> d
com.verdadyvidaradio.newarchitecture.modules.MainApplicationTurboModuleManagerDelegate$Builder -> com.verdadyvidaradio.newarchitecture.modules.MainApplicationTurboModuleManagerDelegate$a:
    com.facebook.react.ReactPackageTurboModuleManagerDelegate build(com.facebook.react.bridge.ReactApplicationContext,java.util.List) -> b
    com.verdadyvidaradio.newarchitecture.modules.MainApplicationTurboModuleManagerDelegate build(com.facebook.react.bridge.ReactApplicationContext,java.util.List) -> e
...
com.facebook.soloader.SystemLoadLibraryWrapper -> com.facebook.soloader.r:
    void loadLibrary(java.lang.String) -> a
com.facebook.soloader.UnpackingSoSource -> com.facebook.soloader.s:
    java.lang.String[] mAbis -> g
    android.content.Context mContext -> d
    com.facebook.soloader.FileLocker mInstanceLock -> f
    java.lang.String mCorruptedLib -> e
    java.util.Map mLibsBeingLoaded -> h
    int loadLibrary(java.lang.String,int,android.os.StrictMode$ThreadPolicy) -> a
    void prepare(int) -> b
    void access$000(java.io.File,byte) -> i
    void deleteUnmentionedFiles(com.facebook.soloader.UnpackingSoSource$Dso[]) -> j
    boolean depsChanged(byte[],byte[]) -> k
    void extractDso(com.facebook.soloader.UnpackingSoSource$InputDso,byte[]) -> l
    void extractDsoImpl(com.facebook.soloader.UnpackingSoSource$InputDso,byte[]) -> m
    byte[] getDepsBlock() -> n
    java.lang.Object getLibraryLock(java.lang.String) -> o
    com.facebook.soloader.FileLocker getOrCreateLock(java.io.File,boolean) -> p
    java.lang.String getSoNameFromFileName(java.lang.String) -> q
    java.io.File getSoStorePath(android.content.Context,java.lang.String) -> r
    com.facebook.soloader.UnpackingSoSource$Unpacker makeUnpacker(byte) -> s
    void prepare(java.lang.String) -> t
    boolean refreshLocked(com.facebook.soloader.FileLocker,int,byte[]) -> u
    void regenerate(byte,com.facebook.soloader.UnpackingSoSource$DsoManifest,com.facebook.soloader.UnpackingSoSource$InputDsoIterator) -> v
    void setSoSourceAbis(java.lang.String[]) -> w
    void writeState(java.io.File,byte) -> x
com.facebook.soloader.UnpackingSoSource$1 -> com.facebook.soloader.s$a:
    com.facebook.soloader.UnpackingSoSource$DsoManifest val$manifest -> i
    com.facebook.soloader.FileLocker val$lock -> k
    java.io.File val$depsFileName -> g
    byte[] val$deps -> h
    java.io.File val$stateFileName -> j
    com.facebook.soloader.UnpackingSoSource this$0 -> l
com.facebook.soloader.UnpackingSoSource$Dso -> com.facebook.soloader.s$b:
    java.lang.String name -> g
    java.lang.String hash -> h
com.facebook.soloader.UnpackingSoSource$DsoManifest -> com.facebook.soloader.s$c:
    com.facebook.soloader.UnpackingSoSource$Dso[] dsos -> a
    com.facebook.soloader.UnpackingSoSource$DsoManifest read(java.io.DataInput) -> a
    void write(java.io.DataOutput) -> b
com.facebook.soloader.UnpackingSoSource$InputDso -> com.facebook.soloader.s$d:
    com.facebook.soloader.UnpackingSoSource$Dso getDso() -> L
    void write(java.io.DataOutput,byte[]) -> g0
    java.lang.String getFileName() -> o
com.facebook.soloader.UnpackingSoSource$InputDsoIterator -> com.facebook.soloader.s$e:
    boolean hasNext() -> a
    com.facebook.soloader.UnpackingSoSource$InputDso next() -> b
com.facebook.soloader.UnpackingSoSource$InputDsoStream -> com.facebook.soloader.s$f:
    com.facebook.soloader.UnpackingSoSource$Dso dso -> g
    java.io.InputStream content -> h
    com.facebook.soloader.UnpackingSoSource$Dso getDso() -> L
    void write(java.io.DataOutput,byte[]) -> g0
    java.lang.String getFileName() -> o
com.facebook.soloader.UnpackingSoSource$Unpacker -> com.facebook.soloader.s$g:
    com.facebook.soloader.UnpackingSoSource$DsoManifest getDsoManifest() -> a
    com.facebook.soloader.UnpackingSoSource$InputDsoIterator openDsoIterator() -> b
com.facebook.soloader.nativeloader.NativeLoader -> u4.a:
    com.facebook.soloader.nativeloader.NativeLoaderDelegate sDelegate -> a
    void init(com.facebook.soloader.nativeloader.NativeLoaderDelegate) -> a
    void initIfUninitialized(com.facebook.soloader.nativeloader.NativeLoaderDelegate) -> b
    boolean isInitialized() -> c
    boolean loadLibrary(java.lang.String) -> d
    boolean loadLibrary(java.lang.String,int) -> e
com.facebook.soloader.nativeloader.NativeLoaderDelegate -> u4.b:
    boolean loadLibrary(java.lang.String,int) -> a
com.facebook.soloader.nativeloader.SystemDelegate -> u4.c:
    boolean loadLibrary(java.lang.String,int) -> a