android/app/build/outputs/mapping/release/usage.txt
com.verdadyvidaradio.BuildConfig
com.verdadyvidaradio.R$anim
com.verdadyvidaradio.R$animator
com.verdadyvidaradio.R$array
com.verdadyvidaradio.R$attr
com.verdadyvidaradio.R$bool
com.verdadyvidaradio.R$color
com.verdadyvidaradio.R$dimen
com.verdadyvidaradio.R$drawable
com.verdadyvidaradio.R$font
com.verdadyvidaradio.R$id
com.verdadyvidaradio.R$integer
com.verdadyvidaradio.R$interpolator
com.verdadyvidaradio.R$layout
com.verdadyvidaradio.R$mipmap
com.verdadyvidaradio.R$plurals
com.verdadyvidaradio.R$string
com.verdadyvidaradio.R$style
com.verdadyvidaradio.R$styleable
com.verdadyvidaradio.R$xml
com.verdadyvidaradio.R
...
com.google.android.exoplayer2.extractor.ts.AdtsExtractor$Flags
com.google.android.exoplayer2.extractor.ts.AdtsExtractor:
    public static final int FLAG_ENABLE_CONSTANT_BITRATE_SEEKING
    public static final int FLAG_ENABLE_CONSTANT_BITRATE_SEEKING_ALWAYS
    private static final int MAX_PACKET_SIZE
    private static final int MAX_SNIFF_BYTES
    private static final int NUM_FRAMES_FOR_AVERAGE_FRAME_SIZE
com.google.android.exoplayer2.extractor.ts.AdtsReader:
    private static final int CRC_SIZE
    private static final int HEADER_SIZE
    private static final int ID3_HEADER_SIZE
    private static final int ID3_SIZE_OFFSET
    private static final int MATCH_STATE_FF
    private static final int MATCH_STATE_I
    private static final int MATCH_STATE_ID
    private static final int MATCH_STATE_START
    private static final int MATCH_STATE_VALUE_SHIFT
    private static final int STATE_CHECKING_ADTS_HEADER
    private static final int STATE_FINDING_SAMPLE
    private static final int STATE_READING_ADTS_HEADER
    private static final int STATE_READING_ID3_HEADER
    private static final int STATE_READING_SAMPLE
    private static final java.lang.String TAG
    private static final int VERSION_UNSET
com.google.android.exoplayer2.extractor.ts.DefaultTsPayloadReaderFactory$Flags
com.google.android.exoplayer2.extractor.ts.DefaultTsPayloadReaderFactory:
    private static final int DESCRIPTOR_TAG_CAPTION_SERVICE
    public static final int FLAG_ALLOW_NON_IDR_KEYFRAMES
    public static final int FLAG_DETECT_ACCESS_UNITS
    public static final int FLAG_ENABLE_HDMV_DTS_AUDIO_STREAMS
    public static final int FLAG_IGNORE_AAC_STREAM
    public static final int FLAG_IGNORE_H264_STREAM
    public static final int FLAG_IGNORE_SPLICE_INFO_STREAM
    public static final int FLAG_OVERRIDE_CAPTION_DESCRIPTORS
    public void <init>()
com.google.android.exoplayer2.extractor.ts.DtsReader:
    private static final int HEADER_SIZE
    private static final int STATE_FINDING_SYNC
    private static final int STATE_READING_HEADER
    private static final int STATE_READING_SAMPLE
com.google.android.exoplayer2.extractor.ts.H262Reader:
    private static final int START_EXTENSION
    private static final int START_GROUP
    private static final int START_PICTURE
    private static final int START_SEQUENCE_HEADER
    private static final int START_USER_DATA
com.google.android.exoplayer2.extractor.ts.H263Reader$CsdBuffer:
    private static final int STATE_EXPECT_VIDEO_OBJECT_LAYER_START
    private static final int STATE_EXPECT_VIDEO_OBJECT_START
    private static final int STATE_EXPECT_VISUAL_OBJECT_START
    private static final int STATE_SKIP_TO_VISUAL_OBJECT_SEQUENCE_START
    private static final int STATE_WAIT_FOR_VOP_START
com.google.android.exoplayer2.extractor.ts.H263Reader$SampleReader:
    private static final int OFFSET_VOP_CODING_TYPE
    private static final int VOP_CODING_TYPE_INTRA
com.google.android.exoplayer2.extractor.ts.H263Reader:
    private static final int START_CODE_VALUE_GROUP_OF_VOP
    private static final int START_CODE_VALUE_MAX_VIDEO_OBJECT
    private static final int START_CODE_VALUE_UNSET
    private static final int START_CODE_VALUE_USER_DATA
    private static final int START_CODE_VALUE_VISUAL_OBJECT
    private static final int START_CODE_VALUE_VISUAL_OBJECT_SEQUENCE
    private static final int START_CODE_VALUE_VOP
    private static final java.lang.String TAG
    private static final int VIDEO_OBJECT_LAYER_SHAPE_RECTANGULAR
    public void <init>()
com.google.android.exoplayer2.extractor.ts.H264Reader$SampleReader$SliceHeaderData:
    private static final int SLICE_TYPE_ALL_I
    private static final int SLICE_TYPE_I
com.google.android.exoplayer2.extractor.ts.H264Reader$SampleReader:
    private static final int DEFAULT_BUFFER_SIZE
com.google.android.exoplayer2.extractor.ts.H265Reader$SampleReader:
    private static final int FIRST_SLICE_FLAG_OFFSET